{"total": {"lines":{"total":549,"covered":329,"skipped":0,"pct":59.92},"statements":{"total":633,"covered":357,"skipped":0,"pct":56.39},"functions":{"total":202,"covered":107,"skipped":0,"pct":52.97},"branches":{"total":270,"covered":130,"skipped":0,"pct":48.14},"branchesTrue":{"total":0,"covered":0,"skipped":0,"pct":100}}
,"C:\\Users\\A2Z\\OneDrive\\Documents\\NDN Analytics\\NDN Analytic website\\ndn-analytics\\src\\App.tsx": {"lines":{"total":28,"covered":28,"skipped":0,"pct":100},"functions":{"total":23,"covered":5,"skipped":0,"pct":21.73},"statements":{"total":47,"covered":29,"skipped":0,"pct":61.7},"branches":{"total":0,"covered":0,"skipped":0,"pct":100}}
,"C:\\Users\\A2Z\\OneDrive\\Documents\\NDN Analytics\\NDN Analytic website\\ndn-analytics\\src\\components\\aria\\Aria.css": {"lines":{"total":0,"covered":0,"skipped":0,"pct":0},"functions":{"total":0,"covered":0,"skipped":0,"pct":0},"statements":{"total":0,"covered":0,"skipped":0,"pct":0},"branches":{"total":0,"covered":0,"skipped":0,"pct":0}}
,"C:\\Users\\A2Z\\OneDrive\\Documents\\NDN Analytics\\NDN Analytic website\\ndn-analytics\\src\\components\\aria\\AriaFAB.tsx": {"lines":{"total":4,"covered":2,"skipped":0,"pct":50},"functions":{"total":3,"covered":1,"skipped":0,"pct":33.33},"statements":{"total":4,"covered":2,"skipped":0,"pct":50},"branches":{"total":6,"covered":3,"skipped":0,"pct":50}}
,"C:\\Users\\A2Z\\OneDrive\\Documents\\NDN Analytics\\NDN Analytic website\\ndn-analytics\\src\\components\\aria\\AriaMessage.tsx": {"lines":{"total":2,"covered":0,"skipped":0,"pct":0},"functions":{"total":2,"covered":0,"skipped":0,"pct":0},"statements":{"total":2,"covered":0,"skipped":0,"pct":0},"branches":{"total":2,"covered":0,"skipped":0,"pct":0}}
,"C:\\Users\\A2Z\\OneDrive\\Documents\\NDN Analytics\\NDN Analytic website\\ndn-analytics\\src\\components\\aria\\AriaPanel.tsx": {"lines":{"total":65,"covered":1,"skipped":0,"pct":1.53},"functions":{"total":19,"covered":0,"skipped":0,"pct":0},"statements":{"total":75,"covered":1,"skipped":0,"pct":1.33},"branches":{"total":23,"covered":0,"skipped":0,"pct":0}}
,"C:\\Users\\A2Z\\OneDrive\\Documents\\NDN Analytics\\NDN Analytic website\\ndn-analytics\\src\\components\\aria\\ariaApi.ts": {"lines":{"total":39,"covered":35,"skipped":0,"pct":89.74},"functions":{"total":4,"covered":3,"skipped":0,"pct":75},"statements":{"total":41,"covered":37,"skipped":0,"pct":90.24},"branches":{"total":24,"covered":23,"skipped":0,"pct":95.83}}
,"C:\\Users\\A2Z\\OneDrive\\Documents\\NDN Analytics\\NDN Analytic website\\ndn-analytics\\src\\components\\aria\\ariaKnowledge.ts": {"lines":{"total":7,"covered":3,"skipped":0,"pct":42.85},"functions":{"total":2,"covered":0,"skipped":0,"pct":0},"statements":{"total":8,"covered":3,"skipped":0,"pct":37.5},"branches":{"total":2,"covered":0,"skipped":0,"pct":0}}
,"C:\\Users\\A2Z\\OneDrive\\Documents\\NDN Analytics\\NDN Analytic website\\ndn-analytics\\src\\components\\background\\FloatingParticles.css": {"lines":{"total":0,"covered":0,"skipped":0,"pct":0},"functions":{"total":0,"covered":0,"skipped":0,"pct":0},"statements":{"total":0,"covered":0,"skipped":0,"pct":0},"branches":{"total":0,"covered":0,"skipped":0,"pct":0}}
,"C:\\Users\\A2Z\\OneDrive\\Documents\\NDN Analytics\\NDN Analytic website\\ndn-analytics\\src\\components\\background\\FloatingParticlesBackground.tsx": {"lines":{"total":1,"covered":1,"skipped":0,"pct":100},"functions":{"total":1,"covered":1,"skipped":0,"pct":100},"statements":{"total":1,"covered":1,"skipped":0,"pct":100},"branches":{"total":0,"covered":0,"skipped":0,"pct":100}}
,"C:\\Users\\A2Z\\OneDrive\\Documents\\NDN Analytics\\NDN Analytic website\\ndn-analytics\\src\\components\\checkout\\CheckoutCancelled.tsx": {"lines":{"total":1,"covered":1,"skipped":0,"pct":100},"functions":{"total":1,"covered":1,"skipped":0,"pct":100},"statements":{"total":1,"covered":1,"skipped":0,"pct":100},"branches":{"total":0,"covered":0,"skipped":0,"pct":100}}
,"C:\\Users\\A2Z\\OneDrive\\Documents\\NDN Analytics\\NDN Analytic website\\ndn-analytics\\src\\components\\checkout\\CheckoutSuccess.tsx": {"lines":{"total":4,"covered":4,"skipped":0,"pct":100},"functions":{"total":3,"covered":3,"skipped":0,"pct":100},"statements":{"total":4,"covered":4,"skipped":0,"pct":100},"branches":{"total":0,"covered":0,"skipped":0,"pct":100}}
,"C:\\Users\\A2Z\\OneDrive\\Documents\\NDN Analytics\\NDN Analytic website\\ndn-analytics\\src\\components\\contact\\ContactSection.css": {"lines":{"total":0,"covered":0,"skipped":0,"pct":0},"functions":{"total":0,"covered":0,"skipped":0,"pct":0},"statements":{"total":0,"covered":0,"skipped":0,"pct":0},"branches":{"total":0,"covered":0,"skipped":0,"pct":0}}
,"C:\\Users\\A2Z\\OneDrive\\Documents\\NDN Analytics\\NDN Analytic website\\ndn-analytics\\src\\components\\contact\\ContactSection.tsx": {"lines":{"total":38,"covered":15,"skipped":0,"pct":39.47},"functions":{"total":15,"covered":5,"skipped":0,"pct":33.33},"statements":{"total":43,"covered":17,"skipped":0,"pct":39.53},"branches":{"total":20,"covered":9,"skipped":0,"pct":45}}
,"C:\\Users\\A2Z\\OneDrive\\Documents\\NDN Analytics\\NDN Analytic website\\ndn-analytics\\src\\components\\hero\\Hero.css": {"lines":{"total":0,"covered":0,"skipped":0,"pct":0},"functions":{"total":0,"covered":0,"skipped":0,"pct":0},"statements":{"total":0,"covered":0,"skipped":0,"pct":0},"branches":{"total":0,"covered":0,"skipped":0,"pct":0}}
,"C:\\Users\\A2Z\\OneDrive\\Documents\\NDN Analytics\\NDN Analytic website\\ndn-analytics\\src\\components\\hero\\Hero.tsx": {"lines":{"total":54,"covered":51,"skipped":0,"pct":94.44},"functions":{"total":28,"covered":26,"skipped":0,"pct":92.85},"statements":{"total":68,"covered":63,"skipped":0,"pct":92.64},"branches":{"total":14,"covered":8,"skipped":0,"pct":57.14}}
,"C:\\Users\\A2Z\\OneDrive\\Documents\\NDN Analytics\\NDN Analytic website\\ndn-analytics\\src\\components\\layout\\CustomCursor.css": {"lines":{"total":0,"covered":0,"skipped":0,"pct":0},"functions":{"total":0,"covered":0,"skipped":0,"pct":0},"statements":{"total":0,"covered":0,"skipped":0,"pct":0},"branches":{"total":0,"covered":0,"skipped":0,"pct":0}}
,"C:\\Users\\A2Z\\OneDrive\\Documents\\NDN Analytics\\NDN Analytic website\\ndn-analytics\\src\\components\\layout\\CustomCursor.tsx": {"lines":{"total":28,"covered":5,"skipped":0,"pct":17.85},"functions":{"total":6,"covered":2,"skipped":0,"pct":33.33},"statements":{"total":32,"covered":6,"skipped":0,"pct":18.75},"branches":{"total":6,"covered":1,"skipped":0,"pct":16.66}}
,"C:\\Users\\A2Z\\OneDrive\\Documents\\NDN Analytics\\NDN Analytic website\\ndn-analytics\\src\\components\\layout\\Footer.tsx": {"lines":{"total":14,"covered":8,"skipped":0,"pct":57.14},"functions":{"total":11,"covered":5,"skipped":0,"pct":45.45},"statements":{"total":14,"covered":8,"skipped":0,"pct":57.14},"branches":{"total":0,"covered":0,"skipped":0,"pct":100}}
,"C:\\Users\\A2Z\\OneDrive\\Documents\\NDN Analytics\\NDN Analytic website\\ndn-analytics\\src\\components\\layout\\GridOverlay.tsx": {"lines":{"total":1,"covered":1,"skipped":0,"pct":100},"functions":{"total":1,"covered":1,"skipped":0,"pct":100},"statements":{"total":1,"covered":1,"skipped":0,"pct":100},"branches":{"total":0,"covered":0,"skipped":0,"pct":100}}
,"C:\\Users\\A2Z\\OneDrive\\Documents\\NDN Analytics\\NDN Analytic website\\ndn-analytics\\src\\components\\layout\\LogoFlat.tsx": {"lines":{"total":1,"covered":1,"skipped":0,"pct":100},"functions":{"total":1,"covered":1,"skipped":0,"pct":100},"statements":{"total":1,"covered":1,"skipped":0,"pct":100},"branches":{"total":0,"covered":0,"skipped":0,"pct":100}}
,"C:\\Users\\A2Z\\OneDrive\\Documents\\NDN Analytics\\NDN Analytic website\\ndn-analytics\\src\\components\\layout\\Navbar.css": {"lines":{"total":0,"covered":0,"skipped":0,"pct":0},"functions":{"total":0,"covered":0,"skipped":0,"pct":0},"statements":{"total":0,"covered":0,"skipped":0,"pct":0},"branches":{"total":0,"covered":0,"skipped":0,"pct":0}}
,"C:\\Users\\A2Z\\OneDrive\\Documents\\NDN Analytics\\NDN Analytic website\\ndn-analytics\\src\\components\\layout\\Navbar.tsx": {"lines":{"total":34,"covered":26,"skipped":0,"pct":76.47},"functions":{"total":11,"covered":7,"skipped":0,"pct":63.63},"statements":{"total":39,"covered":28,"skipped":0,"pct":71.79},"branches":{"total":20,"covered":7,"skipped":0,"pct":35}}
,"C:\\Users\\A2Z\\OneDrive\\Documents\\NDN Analytics\\NDN Analytic website\\ndn-analytics\\src\\components\\layout\\SpeedHUD.tsx": {"lines":{"total":10,"covered":7,"skipped":0,"pct":70},"functions":{"total":4,"covered":3,"skipped":0,"pct":75},"statements":{"total":11,"covered":8,"skipped":0,"pct":72.72},"branches":{"total":0,"covered":0,"skipped":0,"pct":100}}
,"C:\\Users\\A2Z\\OneDrive\\Documents\\NDN Analytics\\NDN Analytic website\\ndn-analytics\\src\\components\\newsletter\\NewsletterSignup.tsx": {"lines":{"total":25,"covered":8,"skipped":0,"pct":32},"functions":{"total":3,"covered":1,"skipped":0,"pct":33.33},"statements":{"total":26,"covered":8,"skipped":0,"pct":30.76},"branches":{"total":17,"covered":4,"skipped":0,"pct":23.52}}
,"C:\\Users\\A2Z\\OneDrive\\Documents\\NDN Analytics\\NDN Analytic website\\ndn-analytics\\src\\components\\products\\ProductCard.css": {"lines":{"total":0,"covered":0,"skipped":0,"pct":0},"functions":{"total":0,"covered":0,"skipped":0,"pct":0},"statements":{"total":0,"covered":0,"skipped":0,"pct":0},"branches":{"total":0,"covered":0,"skipped":0,"pct":0}}
,"C:\\Users\\A2Z\\OneDrive\\Documents\\NDN Analytics\\NDN Analytic website\\ndn-analytics\\src\\components\\products\\ProductCard.tsx": {"lines":{"total":4,"covered":4,"skipped":0,"pct":100},"functions":{"total":2,"covered":2,"skipped":0,"pct":100},"statements":{"total":4,"covered":4,"skipped":0,"pct":100},"branches":{"total":0,"covered":0,"skipped":0,"pct":100}}
,"C:\\Users\\A2Z\\OneDrive\\Documents\\NDN Analytics\\NDN Analytic website\\ndn-analytics\\src\\components\\products\\productData.ts": {"lines":{"total":4,"covered":4,"skipped":0,"pct":100},"functions":{"total":3,"covered":3,"skipped":0,"pct":100},"statements":{"total":7,"covered":7,"skipped":0,"pct":100},"branches":{"total":0,"covered":0,"skipped":0,"pct":100}}
,"C:\\Users\\A2Z\\OneDrive\\Documents\\NDN Analytics\\NDN Analytic website\\ndn-analytics\\src\\components\\seo\\ArticleSchema.tsx": {"lines":{"total":3,"covered":3,"skipped":0,"pct":100},"functions":{"total":1,"covered":1,"skipped":0,"pct":100},"statements":{"total":3,"covered":3,"skipped":0,"pct":100},"branches":{"total":4,"covered":3,"skipped":0,"pct":75}}
,"C:\\Users\\A2Z\\OneDrive\\Documents\\NDN Analytics\\NDN Analytic website\\ndn-analytics\\src\\components\\seo\\ContactPageSchema.tsx": {"lines":{"total":2,"covered":2,"skipped":0,"pct":100},"functions":{"total":1,"covered":1,"skipped":0,"pct":100},"statements":{"total":2,"covered":2,"skipped":0,"pct":100},"branches":{"total":0,"covered":0,"skipped":0,"pct":100}}
,"C:\\Users\\A2Z\\OneDrive\\Documents\\NDN Analytics\\NDN Analytic website\\ndn-analytics\\src\\components\\seo\\OrganizationSchema.tsx": {"lines":{"total":2,"covered":2,"skipped":0,"pct":100},"functions":{"total":1,"covered":1,"skipped":0,"pct":100},"statements":{"total":2,"covered":2,"skipped":0,"pct":100},"branches":{"total":0,"covered":0,"skipped":0,"pct":100}}
,"C:\\Users\\A2Z\\OneDrive\\Documents\\NDN Analytics\\NDN Analytic website\\ndn-analytics\\src\\components\\seo\\ProductSchema.tsx": {"lines":{"total":3,"covered":3,"skipped":0,"pct":100},"functions":{"total":1,"covered":1,"skipped":0,"pct":100},"statements":{"total":3,"covered":3,"skipped":0,"pct":100},"branches":{"total":4,"covered":2,"skipped":0,"pct":50}}
,"C:\\Users\\A2Z\\OneDrive\\Documents\\NDN Analytics\\NDN Analytic website\\ndn-analytics\\src\\components\\seo\\SEO.tsx": {"lines":{"total":7,"covered":7,"skipped":0,"pct":100},"functions":{"total":2,"covered":2,"skipped":0,"pct":100},"statements":{"total":7,"covered":7,"skipped":0,"pct":100},"branches":{"total":21,"covered":13,"skipped":0,"pct":61.9}}
,"C:\\Users\\A2Z\\OneDrive\\Documents\\NDN Analytics\\NDN Analytic website\\ndn-analytics\\src\\components\\ui\\SkeletonLoader.tsx": {"lines":{"total":2,"covered":2,"skipped":0,"pct":100},"functions":{"total":2,"covered":2,"skipped":0,"pct":100},"statements":{"total":2,"covered":2,"skipped":0,"pct":100},"branches":{"total":1,"covered":1,"skipped":0,"pct":100}}
,"C:\\Users\\A2Z\\OneDrive\\Documents\\NDN Analytics\\NDN Analytic website\\ndn-analytics\\src\\lib\\abtest.ts": {"lines":{"total":9,"covered":9,"skipped":0,"pct":100},"functions":{"total":3,"covered":3,"skipped":0,"pct":100},"statements":{"total":12,"covered":11,"skipped":0,"pct":91.66},"branches":{"total":7,"covered":6,"skipped":0,"pct":85.71}}
,"C:\\Users\\A2Z\\OneDrive\\Documents\\NDN Analytics\\NDN Analytic website\\ndn-analytics\\src\\lib\\analytics.ts": {"lines":{"total":34,"covered":8,"skipped":0,"pct":23.52},"functions":{"total":13,"covered":7,"skipped":0,"pct":53.84},"statements":{"total":36,"covered":8,"skipped":0,"pct":22.22},"branches":{"total":18,"covered":4,"skipped":0,"pct":22.22}}
,"C:\\Users\\A2Z\\OneDrive\\Documents\\NDN Analytics\\NDN Analytic website\\ndn-analytics\\src\\lib\\engagementTracker.ts": {"lines":{"total":29,"covered":13,"skipped":0,"pct":44.82},"functions":{"total":11,"covered":3,"skipped":0,"pct":27.27},"statements":{"total":31,"covered":13,"skipped":0,"pct":41.93},"branches":{"total":19,"covered":9,"skipped":0,"pct":47.36}}
,"C:\\Users\\A2Z\\OneDrive\\Documents\\NDN Analytics\\NDN Analytic website\\ndn-analytics\\src\\lib\\firebase.ts": {"lines":{"total":6,"covered":6,"skipped":0,"pct":100},"functions":{"total":1,"covered":1,"skipped":0,"pct":100},"statements":{"total":7,"covered":7,"skipped":0,"pct":100},"branches":{"total":8,"covered":5,"skipped":0,"pct":62.5}}
,"C:\\Users\\A2Z\\OneDrive\\Documents\\NDN Analytics\\NDN Analytic website\\ndn-analytics\\src\\lib\\leadScoring.ts": {"lines":{"total":24,"covered":18,"skipped":0,"pct":75},"functions":{"total":8,"covered":6,"skipped":0,"pct":75},"statements":{"total":24,"covered":18,"skipped":0,"pct":75},"branches":{"total":12,"covered":8,"skipped":0,"pct":66.66}}
,"C:\\Users\\A2Z\\OneDrive\\Documents\\NDN Analytics\\NDN Analytic website\\ndn-analytics\\src\\lib\\leads.ts": {"lines":{"total":62,"covered":49,"skipped":0,"pct":79.03},"functions":{"total":15,"covered":9,"skipped":0,"pct":60},"statements":{"total":73,"covered":50,"skipped":0,"pct":68.49},"branches":{"total":42,"covered":24,"skipped":0,"pct":57.14}}
,"C:\\Users\\A2Z\\OneDrive\\Documents\\NDN Analytics\\NDN Analytic website\\ndn-analytics\\src\\types\\leads.ts": {"lines":{"total":2,"covered":2,"skipped":0,"pct":100},"functions":{"total":0,"covered":0,"skipped":0,"pct":100},"statements":{"total":2,"covered":2,"skipped":0,"pct":100},"branches":{"total":0,"covered":0,"skipped":0,"pct":100}}
}
